{
  "stats": {
    "suites": 1,
    "tests": 1,
    "passes": 0,
    "pending": 0,
    "failures": 1,
    "start": "2023-05-28T09:03:39.961Z",
    "end": "2023-05-28T09:03:40.292Z",
    "duration": 331,
    "testsRegistered": 1,
    "passPercent": 0,
    "pendingPercent": 0,
    "other": 0,
    "hasOther": false,
    "skipped": 0,
    "hasSkipped": false
  },
  "results": [
    {
      "uuid": "68c487ac-35c3-4475-9bf9-dd091782180f",
      "title": "",
      "fullFile": "cypress\\e2e\\training\\Topic22.cy.js",
      "file": "cypress\\e2e\\training\\Topic22.cy.js",
      "beforeHooks": [],
      "afterHooks": [],
      "tests": [],
      "suites": [
        {
          "uuid": "5cf35643-1985-493d-b6b9-a226c4149e5b",
          "title": "Topic22_TestSuite",
          "fullFile": "",
          "file": "",
          "beforeHooks": [],
          "afterHooks": [],
          "tests": [
            {
              "title": "BlazeDemo_ClientSide_UI_PerformanceTesting",
              "fullTitle": "Topic22_TestSuite BlazeDemo_ClientSide_UI_PerformanceTesting",
              "timedOut": null,
              "duration": 282,
              "state": "failed",
              "speed": null,
              "pass": false,
              "fail": true,
              "pending": false,
              "context": "{\n  \"title\": \"cypress-mochawesome-reporter-screenshots\",\n  \"value\": [\n    [\n      \"\\\\Topic22.cy.js\\\\Topic22_TestSuite -- BlazeDemo_ClientSide_UI_PerformanceTesting (failed).png\"\n    ]\n  ]\n}",
              "code": "cy.visit(\"https://www.flipkart.com\");\nCypress.config();\ncy.lighthouse(thresholds, lighthouseConfig);",
              "err": {
                "message": "TypeError: cy.lighthouse is not a function",
                "estack": "TypeError: cy.lighthouse is not a function\n    at Context.eval (http://localhost:58338/__cypress/tests?p=cypress\\e2e\\training\\Topic22.cy.js:31:10)",
                "diff": null
              },
              "uuid": "b0d31adb-bab0-4e55-9b97-4fb2789ce8f4",
              "parentUUID": "5cf35643-1985-493d-b6b9-a226c4149e5b",
              "isHook": false,
              "skipped": false
            }
          ],
          "suites": [],
          "passes": [],
          "failures": [
            "b0d31adb-bab0-4e55-9b97-4fb2789ce8f4"
          ],
          "pending": [],
          "skipped": [],
          "duration": 282,
          "root": false,
          "rootEmpty": false,
          "_timeout": 2000
        }
      ],
      "passes": [],
      "failures": [],
      "pending": [],
      "skipped": [],
      "duration": 0,
      "root": true,
      "rootEmpty": true,
      "_timeout": 2000
    }
  ],
  "meta": {
    "mocha": {
      "version": "7.0.1"
    },
    "mochawesome": {
      "options": {
        "quiet": false,
        "reportFilename": "mochawesome",
        "saveHtml": false,
        "saveJson": true,
        "consoleReporter": "spec",
        "useInlineDiffs": false,
        "code": true
      },
      "version": "7.1.3"
    },
    "marge": {
      "options": {
        "charts": true,
        "reportPageTitle": "custom-title",
        "embeddedScreenshots": true,
        "inlineAssets": true,
        "saveAllAttempts": false,
        "overwrite": false,
        "html": false,
        "json": true,
        "reportDir": "cypress\\reports\\html\\.jsons"
      },
      "version": "6.2.0"
    }
  }
}