{
  "stats": {
    "suites": 1,
    "tests": 1,
    "passes": 0,
    "pending": 1,
    "failures": 0,
    "start": "2023-05-28T09:02:53.680Z",
    "end": "2023-05-28T09:02:54.894Z",
    "duration": 1214,
    "testsRegistered": 2,
    "passPercent": 0,
    "pendingPercent": 50,
    "other": 1,
    "hasOther": true,
    "skipped": 0,
    "hasSkipped": false
  },
  "results": [
    {
      "uuid": "4c752f60-8031-4926-888e-4c1ed074a5d4",
      "title": "",
      "fullFile": "cypress\\e2e\\training\\Topic10_11.cy.js",
      "file": "cypress\\e2e\\training\\Topic10_11.cy.js",
      "beforeHooks": [],
      "afterHooks": [],
      "tests": [],
      "suites": [
        {
          "uuid": "39cbc3d9-9517-4f48-8d05-d06f48051a1a",
          "title": "Topic_10_11_TestSuite",
          "fullFile": "",
          "file": "",
          "beforeHooks": [],
          "afterHooks": [],
          "tests": [
            {
              "title": "Using_normal_UI_InteractionLevel",
              "fullTitle": "Topic_10_11_TestSuite Using_normal_UI_InteractionLevel",
              "timedOut": null,
              "duration": 0,
              "state": "pending",
              "speed": null,
              "pass": false,
              "fail": false,
              "pending": true,
              "context": null,
              "code": "cy.get('input[class=\"new-todo\"]').type(\"To do item-1{Enter}\");\ncy.get(\".todo-count\").contains(\"1 item left\");\ncy.get('input[class=\"new-todo\"]').type(\"To do item-2{Enter}\");\ncy.get(\".todo-count\").contains(\"2 items left\");\ncy.get('input[class=\"new-todo\"]').type(\"To do item-3{Enter}\");\ncy.get(\".todo-count\").contains(\"3 items left\");\ncy.get(\".toggle\").should(\"have.length\", 3).each(($chkbox, $index, $allChkbox) => {\n  $chkbox.trigger(\"click\");\n});\ncy.get(\".todo-count\").contains(\"0 items left\");\ncy.get(\".toggle\").should(\"have.length\", 3).each(($chkbox, $index, $allChkbox) => {\n  $chkbox.trigger(\"click\");\n});\ncy.get(\".todo-count\").contains(\"3 items left\");\ncy.get(\".toggle\").should(\"have.length\", 3).each(($chkbox, $index, $allChkbox) => {\n  $chkbox.trigger(\"click\");\n});\ncy.get(\".todo-count\").contains(\"0 items left\");\ncy.get(\".clear-completed\").click();\ncy.get(\".todo-count\").should(\"not.exist\");",
              "err": {},
              "uuid": "518d45ec-11fa-48d2-983b-14715bd711bc",
              "parentUUID": "39cbc3d9-9517-4f48-8d05-d06f48051a1a",
              "isHook": false,
              "skipped": false
            },
            {
              "title": "Using_AppActions_NoUIInteraction",
              "fullTitle": "Topic_10_11_TestSuite Using_AppActions_NoUIInteraction",
              "timedOut": null,
              "duration": 1134,
              "state": "failed",
              "speed": null,
              "pass": false,
              "fail": true,
              "pending": false,
              "context": "{\n  \"title\": \"cypress-mochawesome-reporter-screenshots\",\n  \"value\": [\n    [\n      \"\\\\Topic10_11.cy.js\\\\Topic_10_11_TestSuite -- Using_AppActions_NoUIInteraction -- before each hook (failed).png\"\n    ]\n  ]\n}",
              "code": "cy.window().its(\"model\").should(\"be.an\", \"object\").invoke(\"addTodo\", \"To do item-1\");\ncy.get(\".todo-count\").contains(\"1 item left\");\ncy.window().its(\"model\").should(\"be.an\", \"object\").invoke(\"addTodo\", \"To do item-2\");\ncy.get(\".todo-count\").contains(\"2 items left\");\ncy.window().its(\"model\").should(\"be.an\", \"object\").invoke(\"addTodo\", \"To do item-3\");\ncy.get(\".todo-count\").contains(\"3 items left\");\ncy.window().its(\"model\").invoke(\"toggleAll\", \"checked\");\ncy.get(\".todo-count\").contains(\"0 items left\");\ncy.window().its(\"model\").invoke(\"toggleAll\", \"\");\ncy.get(\".todo-count\").contains(\"3 items left\");\ncy.window().its(\"model\").invoke(\"toggleAll\", \"checked\");\ncy.get(\".todo-count\").contains(\"0 items left\");\ncy.window().its(\"model\").invoke(\"clearCompleted\");\ncy.get(\".todo-count\").should(\"not.exist\");",
              "err": {
                "message": "CypressError: `cy.visit()` failed trying to load:\n\nhttp://localhost:8888/\n\nWe attempted to make an http request to this URL but the request failed without a response.\n\nWe received this error at the network level:\n\n  > Error: connect ECONNREFUSED 127.0.0.1:8888\n\nCommon situations why this would fail:\n  - you don't have internet access\n  - you forgot to run / boot your web server\n  - your web server isn't accessible\n  - you have weird network configuration settings on your computer\n\nBecause this error occurred during a `before each` hook we are skipping the remaining tests in the current suite: `Topic_10_11_TestSuite`",
                "estack": "CypressError: `cy.visit()` failed trying to load:\n\nhttp://localhost:8888/\n\nWe attempted to make an http request to this URL but the request failed without a response.\n\nWe received this error at the network level:\n\n  > Error: connect ECONNREFUSED 127.0.0.1:8888\n\nCommon situations why this would fail:\n  - you don't have internet access\n  - you forgot to run / boot your web server\n  - your web server isn't accessible\n  - you have weird network configuration settings on your computer\n\nBecause this error occurred during a `before each` hook we are skipping the remaining tests in the current suite: `Topic_10_11_TestSuite`\n    at <unknown> (http://localhost:58338/__cypress/runner/cypress_runner.js:147677:82)\n    at visitFailedByErr (http://localhost:58338/__cypress/runner/cypress_runner.js:147069:12)\n    at <unknown> (http://localhost:58338/__cypress/runner/cypress_runner.js:147676:11)\n    at tryCatcher (http://localhost:58338/__cypress/runner/cypress_runner.js:18744:23)\n    at Promise._settlePromiseFromHandler (http://localhost:58338/__cypress/runner/cypress_runner.js:16679:31)\n    at Promise._settlePromise (http://localhost:58338/__cypress/runner/cypress_runner.js:16736:18)\n    at Promise._settlePromise0 (http://localhost:58338/__cypress/runner/cypress_runner.js:16781:10)\n    at Promise._settlePromises (http://localhost:58338/__cypress/runner/cypress_runner.js:16857:18)\n    at _drainQueueStep (http://localhost:58338/__cypress/runner/cypress_runner.js:13451:12)\n    at _drainQueue (http://localhost:58338/__cypress/runner/cypress_runner.js:13444:9)\n    at ../../node_modules/bluebird/js/release/async.js.Async._drainQueues (http://localhost:58338/__cypress/runner/cypress_runner.js:13460:5)\n    at Async.drainQueues (http://localhost:58338/__cypress/runner/cypress_runner.js:13330:14)\nFrom Your Spec Code:\n    at Context.eval (http://localhost:58338/__cypress/tests?p=cypress\\e2e\\training\\Topic10_11.cy.js:5:10)\n\nFrom Node.js Internals:\n  Error: connect ECONNREFUSED 127.0.0.1:8888\n      at TCPConnectWrap.afterConnect [as oncomplete] (node:net:1187:16)",
                "diff": null
              },
              "uuid": "8bec0231-f409-4b96-b667-219e1d2bdd88",
              "parentUUID": "39cbc3d9-9517-4f48-8d05-d06f48051a1a",
              "isHook": false,
              "skipped": false
            }
          ],
          "suites": [],
          "passes": [],
          "failures": [
            "8bec0231-f409-4b96-b667-219e1d2bdd88"
          ],
          "pending": [
            "518d45ec-11fa-48d2-983b-14715bd711bc"
          ],
          "skipped": [],
          "duration": 1134,
          "root": false,
          "rootEmpty": false,
          "_timeout": 2000
        }
      ],
      "passes": [],
      "failures": [],
      "pending": [],
      "skipped": [],
      "duration": 0,
      "root": true,
      "rootEmpty": true,
      "_timeout": 2000
    }
  ],
  "meta": {
    "mocha": {
      "version": "7.0.1"
    },
    "mochawesome": {
      "options": {
        "quiet": false,
        "reportFilename": "mochawesome",
        "saveHtml": false,
        "saveJson": true,
        "consoleReporter": "spec",
        "useInlineDiffs": false,
        "code": true
      },
      "version": "7.1.3"
    },
    "marge": {
      "options": {
        "charts": true,
        "reportPageTitle": "custom-title",
        "embeddedScreenshots": true,
        "inlineAssets": true,
        "saveAllAttempts": false,
        "overwrite": false,
        "html": false,
        "json": true,
        "reportDir": "cypress\\reports\\html\\.jsons"
      },
      "version": "6.2.0"
    }
  }
}