{
  "stats": {
    "suites": 1,
    "tests": 1,
    "passes": 1,
    "pending": 0,
    "failures": 0,
    "start": "2023-05-28T09:01:59.865Z",
    "end": "2023-05-28T09:02:05.125Z",
    "duration": 5260,
    "testsRegistered": 1,
    "passPercent": 100,
    "pendingPercent": 0,
    "other": 0,
    "hasOther": false,
    "skipped": 0,
    "hasSkipped": false
  },
  "results": [
    {
      "uuid": "36ca60af-1106-4a5b-8a4e-2ae8839d111b",
      "title": "",
      "fullFile": "cypress\\e2e\\training\\Topic04.cy.js",
      "file": "cypress\\e2e\\training\\Topic04.cy.js",
      "beforeHooks": [],
      "afterHooks": [],
      "tests": [],
      "suites": [
        {
          "uuid": "ed5a920f-4cca-4dd8-9ee3-da11ef0d50b2",
          "title": "Topic04_Suite",
          "fullFile": "",
          "file": "",
          "beforeHooks": [],
          "afterHooks": [],
          "tests": [
            {
              "title": "Topic04_TestCase",
              "fullTitle": "Topic04_Suite Topic04_TestCase",
              "timedOut": null,
              "duration": 889,
              "state": "passed",
              "speed": "fast",
              "pass": true,
              "fail": false,
              "pending": false,
              "context": null,
              "code": "cy.visit(\"https://cgi-lib.berkeley.edu/ex/fup.html\");\ncy.title().should(\"contain\", \"Upload\");\ncy.contains(\"Sample File Upload Form\");\ncy.get(\"input[name='upfile']\").selectFile(\"cypress/fixtures/Amazondata.json\");\ncy.contains(\"Press\").click();\ncy.contains(\"You've uploaded a file\");\ncy.contains('\"titlekeyword\": \"Amazon\"');",
              "err": {},
              "uuid": "fa0e6ac2-fbd7-4ef6-afd7-d80709db1a2c",
              "parentUUID": "ed5a920f-4cca-4dd8-9ee3-da11ef0d50b2",
              "isHook": false,
              "skipped": false
            }
          ],
          "suites": [],
          "passes": [
            "fa0e6ac2-fbd7-4ef6-afd7-d80709db1a2c"
          ],
          "failures": [],
          "pending": [],
          "skipped": [],
          "duration": 889,
          "root": false,
          "rootEmpty": false,
          "_timeout": 2000
        }
      ],
      "passes": [],
      "failures": [],
      "pending": [],
      "skipped": [],
      "duration": 0,
      "root": true,
      "rootEmpty": true,
      "_timeout": 2000
    }
  ],
  "meta": {
    "mocha": {
      "version": "7.0.1"
    },
    "mochawesome": {
      "options": {
        "quiet": false,
        "reportFilename": "mochawesome",
        "saveHtml": false,
        "saveJson": true,
        "consoleReporter": "spec",
        "useInlineDiffs": false,
        "code": true
      },
      "version": "7.1.3"
    },
    "marge": {
      "options": {
        "charts": true,
        "reportPageTitle": "custom-title",
        "embeddedScreenshots": true,
        "inlineAssets": true,
        "saveAllAttempts": false,
        "overwrite": false,
        "html": false,
        "json": true,
        "reportDir": "cypress\\reports\\html\\.jsons"
      },
      "version": "6.2.0"
    }
  }
}