{
  "stats": {
    "suites": 1,
    "tests": 2,
    "passes": 2,
    "pending": 0,
    "failures": 0,
    "start": "2023-05-28T09:03:37.015Z",
    "end": "2023-05-28T09:03:38.298Z",
    "duration": 1283,
    "testsRegistered": 2,
    "passPercent": 100,
    "pendingPercent": 0,
    "other": 0,
    "hasOther": false,
    "skipped": 0,
    "hasSkipped": false
  },
  "results": [
    {
      "uuid": "3fbaf8f7-04da-48ee-b400-03a89f2db03e",
      "title": "",
      "fullFile": "cypress\\e2e\\training\\Topic21.cy.js",
      "file": "cypress\\e2e\\training\\Topic21.cy.js",
      "beforeHooks": [],
      "afterHooks": [],
      "tests": [],
      "suites": [
        {
          "uuid": "baceae0d-3aa2-46bf-a359-36b12e8e9909",
          "title": "Topic21_Suite",
          "fullFile": "",
          "file": "",
          "beforeHooks": [],
          "afterHooks": [],
          "tests": [
            {
              "title": "Topic21-GET API",
              "fullTitle": "Topic21_Suite Topic21-GET API",
              "timedOut": null,
              "duration": 127,
              "state": "passed",
              "speed": "fast",
              "pass": true,
              "fail": false,
              "pending": false,
              "context": "{\n  \"title\": \"cypress-mochawesome-reporter-screenshots\",\n  \"value\": [\n    [\n      \"\\\\Topic21.cy.js\\\\Topic21_Suite -- Topic21-GET API (failed).png\"\n    ],\n    [\n      \"\\\\Topic21.cy.js\\\\Topic21_Suite -- Topic21-GET API (failed) (attempt 2).png\"\n    ],\n    [\n      \"\\\\Topic21.cy.js\\\\Topic21_Suite -- Topic21-GET API (failed) (attempt 3).png\"\n    ],\n    []\n  ]\n}",
              "code": "i = i + 1;\ncy.request(\"GET\", \"https://reqres.in/api/users/2\").then((response) => {\n  cy.log(response.body.data.id);\n  expect(response.status).to.be.equal(196 + i);\n  expect(response.body.data.first_name).to.be.equal(\"Janet\");\n});",
              "err": {},
              "uuid": "bb7b1b40-2489-42e0-88da-928c42c4dd63",
              "parentUUID": "baceae0d-3aa2-46bf-a359-36b12e8e9909",
              "isHook": false,
              "skipped": false
            },
            {
              "title": "Topic21-Delete API",
              "fullTitle": "Topic21_Suite Topic21-Delete API",
              "timedOut": null,
              "duration": 344,
              "state": "passed",
              "speed": "fast",
              "pass": true,
              "fail": false,
              "pending": false,
              "context": null,
              "code": "cy.request(\"DELETE\", \"https://reqres.in/api/users/2\").then((response) => {\n  expect(response.status).to.be.equal(204);\n});",
              "err": {},
              "uuid": "cb3acdec-677a-47c4-9964-92a04b1c6902",
              "parentUUID": "baceae0d-3aa2-46bf-a359-36b12e8e9909",
              "isHook": false,
              "skipped": false
            }
          ],
          "suites": [],
          "passes": [
            "bb7b1b40-2489-42e0-88da-928c42c4dd63",
            "cb3acdec-677a-47c4-9964-92a04b1c6902"
          ],
          "failures": [],
          "pending": [],
          "skipped": [],
          "duration": 471,
          "root": false,
          "rootEmpty": false,
          "_timeout": 2000
        }
      ],
      "passes": [],
      "failures": [],
      "pending": [],
      "skipped": [],
      "duration": 0,
      "root": true,
      "rootEmpty": true,
      "_timeout": 2000
    }
  ],
  "meta": {
    "mocha": {
      "version": "7.0.1"
    },
    "mochawesome": {
      "options": {
        "quiet": false,
        "reportFilename": "mochawesome",
        "saveHtml": false,
        "saveJson": true,
        "consoleReporter": "spec",
        "useInlineDiffs": false,
        "code": true
      },
      "version": "7.1.3"
    },
    "marge": {
      "options": {
        "charts": true,
        "reportPageTitle": "custom-title",
        "embeddedScreenshots": true,
        "inlineAssets": true,
        "saveAllAttempts": false,
        "overwrite": false,
        "html": false,
        "json": true,
        "reportDir": "cypress\\reports\\html\\.jsons"
      },
      "version": "6.2.0"
    }
  }
}