{
  "stats": {
    "suites": 1,
    "tests": 2,
    "passes": 2,
    "pending": 0,
    "failures": 0,
    "start": "2023-05-28T09:02:27.066Z",
    "end": "2023-05-28T09:02:50.349Z",
    "duration": 23283,
    "testsRegistered": 2,
    "passPercent": 100,
    "pendingPercent": 0,
    "other": 0,
    "hasOther": false,
    "skipped": 0,
    "hasSkipped": false
  },
  "results": [
    {
      "uuid": "160236cf-f651-4a04-ba19-f81ff3404a93",
      "title": "",
      "fullFile": "cypress\\e2e\\training\\Topic08.cy.js",
      "file": "cypress\\e2e\\training\\Topic08.cy.js",
      "beforeHooks": [],
      "afterHooks": [],
      "tests": [],
      "suites": [
        {
          "uuid": "eb0ee341-6111-426f-833d-1f2784112c2a",
          "title": "Topic08-Suite",
          "fullFile": "",
          "file": "",
          "beforeHooks": [],
          "afterHooks": [],
          "tests": [
            {
              "title": "Topic08-TestCase_Method1",
              "fullTitle": "Topic08-Suite Topic08-TestCase_Method1",
              "timedOut": null,
              "duration": 11959,
              "state": "passed",
              "speed": "slow",
              "pass": true,
              "fail": false,
              "pending": false,
              "context": null,
              "code": "cy.viewport(\"iphone-8\");\ncy.visit(\"https://www.bing.com\", {\n  headers: { \"User-Agent\": \"Mozilla/5.0 (iPhone; CPU iPhone OS 14_7_1 like Mac OS X) AppleWebKit/605.1.15 (KHTML, like Gecko) Version/14.1.2 Mobile/15E148 Safari/604.1\" }\n});\ncy.wait(5e3);\ncy.visit(\"https://www.bing.com\");\ncy.wait(5e3);",
              "err": {},
              "uuid": "292ccfba-d528-4b92-ace7-71f3552bbb56",
              "parentUUID": "eb0ee341-6111-426f-833d-1f2784112c2a",
              "isHook": false,
              "skipped": false
            },
            {
              "title": "Topic08-TestCase_Method2",
              "fullTitle": "Topic08-Suite Topic08-TestCase_Method2",
              "timedOut": null,
              "duration": 4921,
              "state": "passed",
              "speed": "fast",
              "pass": true,
              "fail": false,
              "pending": false,
              "context": null,
              "code": "cy.visit(\"https://www.youtube.com\", {\n  onBeforeLoad: (win) => {\n    Object.defineProperty(win.navigator, \"userAgent\", {\n      value: \"Mozilla/5.0 (iPhone; CPU iPhone OS 14_7_1 like Mac OS X) AppleWebKit/605.1.15 (KHTML, like Gecko) Version/14.1.2 Mobile/15E148 Safari/604.1\"\n    });\n  }\n});",
              "err": {},
              "uuid": "fe4b6e9c-5334-4e49-bcd1-0777b35203ac",
              "parentUUID": "eb0ee341-6111-426f-833d-1f2784112c2a",
              "isHook": false,
              "skipped": false
            }
          ],
          "suites": [],
          "passes": [
            "292ccfba-d528-4b92-ace7-71f3552bbb56",
            "fe4b6e9c-5334-4e49-bcd1-0777b35203ac"
          ],
          "failures": [],
          "pending": [],
          "skipped": [],
          "duration": 16880,
          "root": false,
          "rootEmpty": false,
          "_timeout": 2000
        }
      ],
      "passes": [],
      "failures": [],
      "pending": [],
      "skipped": [],
      "duration": 0,
      "root": true,
      "rootEmpty": true,
      "_timeout": 2000
    }
  ],
  "meta": {
    "mocha": {
      "version": "7.0.1"
    },
    "mochawesome": {
      "options": {
        "quiet": false,
        "reportFilename": "mochawesome",
        "saveHtml": false,
        "saveJson": true,
        "consoleReporter": "spec",
        "useInlineDiffs": false,
        "code": true
      },
      "version": "7.1.3"
    },
    "marge": {
      "options": {
        "charts": true,
        "reportPageTitle": "custom-title",
        "embeddedScreenshots": true,
        "inlineAssets": true,
        "saveAllAttempts": false,
        "overwrite": false,
        "html": false,
        "json": true,
        "reportDir": "cypress\\reports\\html\\.jsons"
      },
      "version": "6.2.0"
    }
  }
}