{
  "stats": {
    "suites": 1,
    "tests": 1,
    "passes": 1,
    "pending": 0,
    "failures": 0,
    "start": "2023-05-28T09:02:18.447Z",
    "end": "2023-05-28T09:02:25.085Z",
    "duration": 6638,
    "testsRegistered": 1,
    "passPercent": 100,
    "pendingPercent": 0,
    "other": 0,
    "hasOther": false,
    "skipped": 0,
    "hasSkipped": false
  },
  "results": [
    {
      "uuid": "fc5a49c6-e0e7-4fff-b9b8-b29a450f86e3",
      "title": "",
      "fullFile": "cypress\\e2e\\training\\Topic07.cy.js",
      "file": "cypress\\e2e\\training\\Topic07.cy.js",
      "beforeHooks": [],
      "afterHooks": [],
      "tests": [],
      "suites": [
        {
          "uuid": "78761a5c-6dc8-465c-97ed-fb6dccc9894a",
          "title": "Topic07_Suite",
          "fullFile": "",
          "file": "",
          "beforeHooks": [],
          "afterHooks": [],
          "tests": [
            {
              "title": "Topic07_TestCase",
              "fullTitle": "Topic07_Suite Topic07_TestCase",
              "timedOut": null,
              "duration": 3436,
              "state": "passed",
              "speed": "fast",
              "pass": true,
              "fail": false,
              "pending": false,
              "context": null,
              "code": "cy.visit(\"https://jqueryui.com/spinner/\");\ncy.title().should(\"contain\", \"Spinner\");\ncy.contains(\"Draggable\");\ncy.get(\"iframe.demo-frame\").its(\"0.contentDocument.body\").then((childPage) => {\n  cy.wrap(childPage).find(\".ui-spinner-up\").click();\n  cy.wrap(childPage).find(\"input#spinner\").then((txtSpinner) => {\n    expect(txtSpinner.attr(\"aria-valuenow\")).to.be.equal(\"1\");\n  });\n});",
              "err": {},
              "uuid": "0f387310-1313-4dcd-9583-22a1a98bb693",
              "parentUUID": "78761a5c-6dc8-465c-97ed-fb6dccc9894a",
              "isHook": false,
              "skipped": false
            }
          ],
          "suites": [],
          "passes": [
            "0f387310-1313-4dcd-9583-22a1a98bb693"
          ],
          "failures": [],
          "pending": [],
          "skipped": [],
          "duration": 3436,
          "root": false,
          "rootEmpty": false,
          "_timeout": 2000
        }
      ],
      "passes": [],
      "failures": [],
      "pending": [],
      "skipped": [],
      "duration": 0,
      "root": true,
      "rootEmpty": true,
      "_timeout": 2000
    }
  ],
  "meta": {
    "mocha": {
      "version": "7.0.1"
    },
    "mochawesome": {
      "options": {
        "quiet": false,
        "reportFilename": "mochawesome",
        "saveHtml": false,
        "saveJson": true,
        "consoleReporter": "spec",
        "useInlineDiffs": false,
        "code": true
      },
      "version": "7.1.3"
    },
    "marge": {
      "options": {
        "charts": true,
        "reportPageTitle": "custom-title",
        "embeddedScreenshots": true,
        "inlineAssets": true,
        "saveAllAttempts": false,
        "overwrite": false,
        "html": false,
        "json": true,
        "reportDir": "cypress\\reports\\html\\.jsons"
      },
      "version": "6.2.0"
    }
  }
}