{
  "stats": {
    "suites": 1,
    "tests": 7,
    "passes": 7,
    "pending": 0,
    "failures": 0,
    "start": "2023-05-28T09:03:32.389Z",
    "end": "2023-05-28T09:03:35.315Z",
    "duration": 2926,
    "testsRegistered": 7,
    "passPercent": 100,
    "pendingPercent": 0,
    "other": 0,
    "hasOther": false,
    "skipped": 0,
    "hasSkipped": false
  },
  "results": [
    {
      "uuid": "9ae02f76-ef28-470c-bbe6-a844fb14120b",
      "title": "",
      "fullFile": "cypress\\e2e\\training\\Topic20.cy.js",
      "file": "cypress\\e2e\\training\\Topic20.cy.js",
      "beforeHooks": [],
      "afterHooks": [],
      "tests": [],
      "suites": [
        {
          "uuid": "d2ac44e6-2474-4be9-8c6e-d6366ec6bad9",
          "title": "Topic20_Suite",
          "fullFile": "",
          "file": "",
          "beforeHooks": [],
          "afterHooks": [],
          "tests": [
            {
              "title": "Topic20_TestCase-GET API",
              "fullTitle": "Topic20_Suite Topic20_TestCase-GET API",
              "timedOut": null,
              "duration": 621,
              "state": "passed",
              "speed": "fast",
              "pass": true,
              "fail": false,
              "pending": false,
              "context": null,
              "code": "cy.request(\"GET\", \"https://reqres.in/api/users/2\").then((response) => {\n  cy.log(response.body.data.id);\n  expect(response.status).to.be.equal(200);\n  expect(response.body.data.first_name).to.be.equal(\"Janet\");\n});",
              "err": {},
              "uuid": "887819d0-a4a7-4170-ba39-309b3a2aae81",
              "parentUUID": "d2ac44e6-2474-4be9-8c6e-d6366ec6bad9",
              "isHook": false,
              "skipped": false
            },
            {
              "title": "Topic20_TestCase-POST_API_Method1",
              "fullTitle": "Topic20_Suite Topic20_TestCase-POST_API_Method1",
              "timedOut": null,
              "duration": 366,
              "state": "passed",
              "speed": "fast",
              "pass": true,
              "fail": false,
              "pending": false,
              "context": null,
              "code": "let payloadData = '{\"name\": \"Trainer\",\"job\": \"leader\"}';\ncy.request(\"POST\", \"https://reqres.in/api/users\", payloadData).then((response) => {\n  expect(response.status).to.be.equal(201);\n  expect(response.body.name).not.exist;\n  expect(response.body.createdAt).contain(\"2023\");\n});",
              "err": {},
              "uuid": "ef3cb303-8698-4a26-b33e-fbaa3cedc66f",
              "parentUUID": "d2ac44e6-2474-4be9-8c6e-d6366ec6bad9",
              "isHook": false,
              "skipped": false
            },
            {
              "title": "Topic20_TestCase-POST_API_Method2",
              "fullTitle": "Topic20_Suite Topic20_TestCase-POST_API_Method2",
              "timedOut": null,
              "duration": 396,
              "state": "passed",
              "speed": "fast",
              "pass": true,
              "fail": false,
              "pending": false,
              "context": null,
              "code": "let payloadData = '{\"name\": \"Trainer\",\"job\": \"leader\"}';\ncy.request(\n  {\n    method: \"POST\",\n    url: \"https://reqres.in/api/users\",\n    body: payloadData,\n    headers: { \"Content-Type\": \"application/json\" }\n  }\n).then((response) => {\n  expect(response.status).to.be.equal(201);\n  expect(response.body.name).equals(\"Trainer\");\n  expect(response.body.createdAt).contain(\"2023\");\n});",
              "err": {},
              "uuid": "bf1928f3-07e7-4a51-90db-e4d940abff4e",
              "parentUUID": "d2ac44e6-2474-4be9-8c6e-d6366ec6bad9",
              "isHook": false,
              "skipped": false
            },
            {
              "title": "Topic20_TestCase-PUTAPI_Method1",
              "fullTitle": "Topic20_Suite Topic20_TestCase-PUTAPI_Method1",
              "timedOut": null,
              "duration": 374,
              "state": "passed",
              "speed": "fast",
              "pass": true,
              "fail": false,
              "pending": false,
              "context": null,
              "code": "let payloadData = '{\"name\": \"Trainer\",\"job\": \"Manager\"}';\ncy.request(\"PUT\", \"https://reqres.in/api/users/2\", payloadData).then((response) => {\n  expect(response.status).to.be.equal(200);\n  expect(response.body.updatedAt).contain(\"2023\");\n  expect(response.body.name).not.exist;\n});",
              "err": {},
              "uuid": "867316ee-e3c1-4294-b768-ff87f9fa1c47",
              "parentUUID": "d2ac44e6-2474-4be9-8c6e-d6366ec6bad9",
              "isHook": false,
              "skipped": false
            },
            {
              "title": "Topic20_TestCase-PUT_API_Method2",
              "fullTitle": "Topic20_Suite Topic20_TestCase-PUT_API_Method2",
              "timedOut": null,
              "duration": 370,
              "state": "passed",
              "speed": "fast",
              "pass": true,
              "fail": false,
              "pending": false,
              "context": null,
              "code": "let payloadData = '{\"name\": \"Trainer\",\"job\": \"Manager\"}';\ncy.request(\n  {\n    method: \"PUT\",\n    url: \"https://reqres.in/api/users/2\",\n    body: payloadData,\n    headers: { \"Content-Type\": \"application/json\" }\n  }\n).then((response) => {\n  expect(response.status).to.be.equal(200);\n  expect(response.body.job).equals(\"Manager\");\n  expect(response.body.updatedAt).contain(\"2023\");\n});",
              "err": {},
              "uuid": "8ba26a74-049c-4cb4-8b58-24194b3dd3d3",
              "parentUUID": "d2ac44e6-2474-4be9-8c6e-d6366ec6bad9",
              "isHook": false,
              "skipped": false
            },
            {
              "title": "Topic20_TestCase-DELETE API",
              "fullTitle": "Topic20_Suite Topic20_TestCase-DELETE API",
              "timedOut": null,
              "duration": 369,
              "state": "passed",
              "speed": "fast",
              "pass": true,
              "fail": false,
              "pending": false,
              "context": null,
              "code": "cy.request(\"DELETE\", \"https://reqres.in/api/users/2\").then((response) => {\n  expect(response.status).to.be.equal(204);\n});",
              "err": {},
              "uuid": "78b5ec6a-c50e-4bfa-83cf-28033cff35a0",
              "parentUUID": "d2ac44e6-2474-4be9-8c6e-d6366ec6bad9",
              "isHook": false,
              "skipped": false
            },
            {
              "title": "Topic20_TestCase-POST_API_UsingExternalPayloadDataFile",
              "fullTitle": "Topic20_Suite Topic20_TestCase-POST_API_UsingExternalPayloadDataFile",
              "timedOut": null,
              "duration": 373,
              "state": "passed",
              "speed": "fast",
              "pass": true,
              "fail": false,
              "pending": false,
              "context": null,
              "code": "cy.readFile(\"cypress/fixtures/data.json\").then((data) => {\n  cy.request(\n    {\n      method: \"POST\",\n      url: \"https://reqres.in/api/users\",\n      body: data,\n      headers: { \"Content-Type\": \"application/json\" }\n    }\n  ).then((response) => {\n    expect(response.status).to.be.equal(201);\n    expect(response.body.name).equals(\"Trainer\");\n    expect(response.body.createdAt).contain(\"2023\");\n  });\n});",
              "err": {},
              "uuid": "ebfa484c-484c-4249-a09f-dd59e8652e19",
              "parentUUID": "d2ac44e6-2474-4be9-8c6e-d6366ec6bad9",
              "isHook": false,
              "skipped": false
            }
          ],
          "suites": [],
          "passes": [
            "887819d0-a4a7-4170-ba39-309b3a2aae81",
            "ef3cb303-8698-4a26-b33e-fbaa3cedc66f",
            "bf1928f3-07e7-4a51-90db-e4d940abff4e",
            "867316ee-e3c1-4294-b768-ff87f9fa1c47",
            "8ba26a74-049c-4cb4-8b58-24194b3dd3d3",
            "78b5ec6a-c50e-4bfa-83cf-28033cff35a0",
            "ebfa484c-484c-4249-a09f-dd59e8652e19"
          ],
          "failures": [],
          "pending": [],
          "skipped": [],
          "duration": 2869,
          "root": false,
          "rootEmpty": false,
          "_timeout": 2000
        }
      ],
      "passes": [],
      "failures": [],
      "pending": [],
      "skipped": [],
      "duration": 0,
      "root": true,
      "rootEmpty": true,
      "_timeout": 2000
    }
  ],
  "meta": {
    "mocha": {
      "version": "7.0.1"
    },
    "mochawesome": {
      "options": {
        "quiet": false,
        "reportFilename": "mochawesome",
        "saveHtml": false,
        "saveJson": true,
        "consoleReporter": "spec",
        "useInlineDiffs": false,
        "code": true
      },
      "version": "7.1.3"
    },
    "marge": {
      "options": {
        "charts": true,
        "reportPageTitle": "custom-title",
        "embeddedScreenshots": true,
        "inlineAssets": true,
        "saveAllAttempts": false,
        "overwrite": false,
        "html": false,
        "json": true,
        "reportDir": "cypress\\reports\\html\\.jsons"
      },
      "version": "6.2.0"
    }
  }
}