{
  "stats": {
    "suites": 1,
    "tests": 1,
    "passes": 1,
    "pending": 0,
    "failures": 0,
    "start": "2023-05-28T09:02:06.888Z",
    "end": "2023-05-28T09:02:14.852Z",
    "duration": 7964,
    "testsRegistered": 1,
    "passPercent": 100,
    "pendingPercent": 0,
    "other": 0,
    "hasOther": false,
    "skipped": 0,
    "hasSkipped": false
  },
  "results": [
    {
      "uuid": "cf5193e7-5157-4291-8bb0-1f17fa983c80",
      "title": "",
      "fullFile": "cypress\\e2e\\training\\Topic05.cy.js",
      "file": "cypress\\e2e\\training\\Topic05.cy.js",
      "beforeHooks": [],
      "afterHooks": [],
      "tests": [],
      "suites": [
        {
          "uuid": "e9cca6c8-ae2c-4248-b071-dafc61998265",
          "title": "Topic05_Suite",
          "fullFile": "",
          "file": "",
          "beforeHooks": [],
          "afterHooks": [],
          "tests": [
            {
              "title": "Topic05_TestCase",
              "fullTitle": "Topic05_Suite Topic05_TestCase",
              "timedOut": null,
              "duration": 5624,
              "state": "passed",
              "speed": "medium",
              "pass": true,
              "fail": false,
              "pending": false,
              "context": null,
              "code": "cy.visit(\"https://chromedriver.storage.googleapis.com/index.html?path=111.0.5563.19/\");\ncy.title().should(\"contain\", \"\");\ncy.contains(\"Index of /111.0.5563.19/\");\ncy.contains(\"chromedriver_win32.zip\").click();\ncy.wait(5e3);",
              "err": {},
              "uuid": "80278f22-7613-4209-b6b5-5c90d7536a58",
              "parentUUID": "e9cca6c8-ae2c-4248-b071-dafc61998265",
              "isHook": false,
              "skipped": false
            }
          ],
          "suites": [],
          "passes": [
            "80278f22-7613-4209-b6b5-5c90d7536a58"
          ],
          "failures": [],
          "pending": [],
          "skipped": [],
          "duration": 5624,
          "root": false,
          "rootEmpty": false,
          "_timeout": 2000
        }
      ],
      "passes": [],
      "failures": [],
      "pending": [],
      "skipped": [],
      "duration": 0,
      "root": true,
      "rootEmpty": true,
      "_timeout": 2000
    }
  ],
  "meta": {
    "mocha": {
      "version": "7.0.1"
    },
    "mochawesome": {
      "options": {
        "quiet": false,
        "reportFilename": "mochawesome",
        "saveHtml": false,
        "saveJson": true,
        "consoleReporter": "spec",
        "useInlineDiffs": false,
        "code": true
      },
      "version": "7.1.3"
    },
    "marge": {
      "options": {
        "charts": true,
        "reportPageTitle": "custom-title",
        "embeddedScreenshots": true,
        "inlineAssets": true,
        "saveAllAttempts": false,
        "overwrite": false,
        "html": false,
        "json": true,
        "reportDir": "cypress\\reports\\html\\.jsons"
      },
      "version": "6.2.0"
    }
  }
}