{
  "stats": {
    "suites": 1,
    "tests": 1,
    "passes": 1,
    "pending": 0,
    "failures": 0,
    "start": "2023-05-28T07:42:07.857Z",
    "end": "2023-05-28T07:42:23.720Z",
    "duration": 15863,
    "testsRegistered": 1,
    "passPercent": 100,
    "pendingPercent": 0,
    "other": 0,
    "hasOther": false,
    "skipped": 0,
    "hasSkipped": false
  },
  "results": [
    {
      "uuid": "817dbcf2-aa37-43c8-a293-461e5b7f39c4",
      "title": "",
      "fullFile": "cypress\\e2e\\training\\Topic15.cy.js",
      "file": "cypress\\e2e\\training\\Topic15.cy.js",
      "beforeHooks": [],
      "afterHooks": [],
      "tests": [],
      "suites": [
        {
          "uuid": "abd02170-68ae-4080-9d75-f2e7534e5997",
          "title": "Topic15_TestSuite",
          "fullFile": "",
          "file": "",
          "beforeHooks": [],
          "afterHooks": [],
          "tests": [
            {
              "title": "Topic15_TestCase",
              "fullTitle": "Topic15_TestSuite Topic15_TestCase",
              "timedOut": null,
              "duration": 12716,
              "state": "passed",
              "speed": "slow",
              "pass": true,
              "fail": false,
              "pending": false,
              "context": null,
              "code": "cy.intercept(\"GET\", \"*showads*\").as(\"matchedAPI_2\");\ncy.intercept(\"POST\", \"*/events/com.amazon*\").as(\"matchedAPI\");\ncy.intercept(\"GET\", \"*prefix=Cypr*\").as(\"SuggestionAPI\");\ncy.visit(\"https://www.amazon.in/\");\ncy.wait(\"@matchedAPI_2\", { timeout: 1e4 }).then((intercept) => {\n  cy.log(intercept.response?.statusCode);\n  expect(intercept.response?.statusCode).to.be.equal(200);\n  cy.log(intercept.request.url);\n  cy.log(intercept.response?.body);\n  cy.log(intercept.state);\n  cy.log(intercept.responseWaited);\n  cy.log(intercept.routeId);\n  cy.log(intercept.id);\n});\ncy.wait(\"@matchedAPI\", { timeout: 1e4 }).then((intercept) => {\n  cy.log(intercept.response?.statusCode);\n  cy.log(intercept.request.url);\n  cy.log(intercept.response?.body);\n  cy.log(intercept.state);\n  cy.log(intercept.responseWaited);\n  cy.log(intercept.routeId);\n  cy.log(intercept.id);\n});\ncy.wait(2e3);\ncy.title().should(\"contain\", \"Amazon\");\ncy.get(\"#searchDropdownBox\").select(\"Books\", { force: true });\ncy.get(\"#twotabsearchtextbox\").type(\"Cypress\");\ncy.wait(\"@SuggestionAPI\", { timeout: 1e4 }).then((intercept) => {\n  cy.log(intercept.response?.statusCode);\n  cy.log(intercept.request.url);\n  cy.log(intercept.response?.body.prefix);\n  cy.log(intercept.response?.body.suggestions[0].suggType);\n  cy.log(intercept.response?.body.suggestions[0].value);\n  cy.log(intercept.state);\n  cy.log(intercept.responseWaited);\n  cy.log(intercept.routeId);\n  cy.log(intercept.id);\n});\ncy.get(\".nav-search-submit.nav-sprite\").click();",
              "err": {},
              "uuid": "420b7a96-b149-4534-8f3a-e704a199748d",
              "parentUUID": "abd02170-68ae-4080-9d75-f2e7534e5997",
              "isHook": false,
              "skipped": false
            }
          ],
          "suites": [],
          "passes": [
            "420b7a96-b149-4534-8f3a-e704a199748d"
          ],
          "failures": [],
          "pending": [],
          "skipped": [],
          "duration": 12716,
          "root": false,
          "rootEmpty": false,
          "_timeout": 2000
        }
      ],
      "passes": [],
      "failures": [],
      "pending": [],
      "skipped": [],
      "duration": 0,
      "root": true,
      "rootEmpty": true,
      "_timeout": 2000
    }
  ],
  "meta": {
    "mocha": {
      "version": "7.0.1"
    },
    "mochawesome": {
      "options": {
        "quiet": false,
        "reportFilename": "mochawesome",
        "saveHtml": false,
        "saveJson": true,
        "consoleReporter": "spec",
        "useInlineDiffs": false,
        "code": true
      },
      "version": "7.1.3"
    },
    "marge": {
      "options": {
        "charts": true,
        "reportPageTitle": "custom-title",
        "embeddedScreenshots": true,
        "inlineAssets": true,
        "saveAllAttempts": false,
        "overwrite": false,
        "html": false,
        "json": true,
        "reportDir": "cypress\\reports\\html\\.jsons"
      },
      "version": "6.2.0"
    }
  }
}