{
  "stats": {
    "suites": 1,
    "tests": 1,
    "passes": 0,
    "pending": 0,
    "failures": 1,
    "start": "2023-05-28T09:02:16.552Z",
    "end": "2023-05-28T09:02:16.828Z",
    "duration": 276,
    "testsRegistered": 1,
    "passPercent": 0,
    "pendingPercent": 0,
    "other": 0,
    "hasOther": false,
    "skipped": 0,
    "hasSkipped": false
  },
  "results": [
    {
      "uuid": "2f6a90ef-422e-478e-9305-1101ed2ae476",
      "title": "",
      "fullFile": "cypress\\e2e\\training\\Topic06.cy.js",
      "file": "cypress\\e2e\\training\\Topic06.cy.js",
      "beforeHooks": [],
      "afterHooks": [],
      "tests": [],
      "suites": [
        {
          "uuid": "648792a9-1a10-45f8-b3fc-100d8f9742bb",
          "title": "Topic06_Suite",
          "fullFile": "",
          "file": "",
          "beforeHooks": [],
          "afterHooks": [],
          "tests": [
            {
              "title": "Topic06_TestCase",
              "fullTitle": "Topic06_Suite Topic06_TestCase",
              "timedOut": null,
              "duration": 220,
              "state": "failed",
              "speed": null,
              "pass": false,
              "fail": true,
              "pending": false,
              "context": "{\n  \"title\": \"cypress-mochawesome-reporter-screenshots\",\n  \"value\": [\n    [\n      \"\\\\Topic06.cy.js\\\\Topic06_Suite -- Topic06_TestCase (failed).png\"\n    ]\n  ]\n}",
              "code": "cy.visit(\"https://chromedriver.storage.googleapis.com/index.html?path=111.0.5563.19/\");\ncy.title().should(\"contain\", \"\");\ncy.contains(\"Index of /111.0.5563.19/\");\ncy.xpath(\"/html/body/table/tbody/tr[7]/td[2]/a\").then((linkobj) => {\n  let baseurl = \"https://chromedriver.storage.googleapis.com\";\n  let fileurl = baseurl + linkobj.attr(\"href\");\n  cy.downloadFile(fileurl, \"cypress/downloads\", \"file3.zip\");\n});",
              "err": {
                "message": "TypeError: cy.xpath is not a function",
                "estack": "TypeError: cy.xpath is not a function\n    at Context.eval (http://localhost:58338/__cypress/tests?p=cypress\\e2e\\training\\Topic06.cy.js:8:10)",
                "diff": null
              },
              "uuid": "2399d4ae-2aa0-4b97-88a3-8195d565700c",
              "parentUUID": "648792a9-1a10-45f8-b3fc-100d8f9742bb",
              "isHook": false,
              "skipped": false
            }
          ],
          "suites": [],
          "passes": [],
          "failures": [
            "2399d4ae-2aa0-4b97-88a3-8195d565700c"
          ],
          "pending": [],
          "skipped": [],
          "duration": 220,
          "root": false,
          "rootEmpty": false,
          "_timeout": 2000
        }
      ],
      "passes": [],
      "failures": [],
      "pending": [],
      "skipped": [],
      "duration": 0,
      "root": true,
      "rootEmpty": true,
      "_timeout": 2000
    }
  ],
  "meta": {
    "mocha": {
      "version": "7.0.1"
    },
    "mochawesome": {
      "options": {
        "quiet": false,
        "reportFilename": "mochawesome",
        "saveHtml": false,
        "saveJson": true,
        "consoleReporter": "spec",
        "useInlineDiffs": false,
        "code": true
      },
      "version": "7.1.3"
    },
    "marge": {
      "options": {
        "charts": true,
        "reportPageTitle": "custom-title",
        "embeddedScreenshots": true,
        "inlineAssets": true,
        "saveAllAttempts": false,
        "overwrite": false,
        "html": false,
        "json": true,
        "reportDir": "cypress\\reports\\html\\.jsons"
      },
      "version": "6.2.0"
    }
  }
}